2026-01-06 22:02:45,716 - INFO - Dataset loaded successfully. Shape: (7043, 21)
2026-01-06 22:02:45,731 - INFO - Duplicate rows: 0
2026-01-06 22:02:45,731 - INFO - Missing values:
2026-01-06 22:02:45,740 - INFO - customerID          0
gender              0
SeniorCitizen       0
Partner             0
Dependents          0
tenure              0
PhoneService        0
MultipleLines       0
InternetService     0
OnlineSecurity      0
OnlineBackup        0
DeviceProtection    0
TechSupport         0
StreamingTV         0
StreamingMovies     0
Contract            0
PaperlessBilling    0
PaymentMethod       0
MonthlyCharges      0
TotalCharges        0
Churn               0
dtype: int64
2026-01-06 22:02:45,762 - INFO - Missing values after cleaning:
2026-01-06 22:02:45,770 - INFO - customerID          0
gender              0
SeniorCitizen       0
Partner             0
Dependents          0
tenure              0
PhoneService        0
MultipleLines       0
InternetService     0
OnlineSecurity      0
OnlineBackup        0
DeviceProtection    0
TechSupport         0
StreamingTV         0
StreamingMovies     0
Contract            0
PaperlessBilling    0
PaymentMethod       0
MonthlyCharges      0
TotalCharges        0
Churn               0
dtype: int64
2026-01-06 22:02:45,772 - INFO - Categorical columns unique values:
2026-01-06 22:02:45,786 - INFO - customerID          7043
gender                 2
Partner                2
Dependents             2
PhoneService           2
MultipleLines          3
InternetService        3
OnlineSecurity         3
OnlineBackup           3
DeviceProtection       3
TechSupport            3
StreamingTV            3
StreamingMovies        3
Contract               3
PaperlessBilling       2
PaymentMethod          4
Churn                  2
dtype: int64
2026-01-06 22:02:45,787 - INFO - Statistical summary:
2026-01-06 22:02:45,799 - INFO -        SeniorCitizen       tenure  MonthlyCharges  TotalCharges
count    7043.000000  7043.000000     7043.000000   7043.000000
mean        0.162147    32.371149       64.761692   2281.916928
std         0.368612    24.559481       30.090047   2265.270398
min         0.000000     0.000000       18.250000     18.800000
25%         0.000000     9.000000       35.500000    402.225000
50%         0.000000    29.000000       70.350000   1397.475000
75%         0.000000    55.000000       89.850000   3786.600000
max         1.000000    72.000000      118.750000   8684.800000
2026-01-06 22:02:45,809 - INFO - Churn distribution:
2026-01-06 22:02:45,811 - INFO - Churn
No     5174
Yes    1869
Name: count, dtype: int64
2026-01-06 22:02:45,811 - INFO - Final dataset shape: (7043, 21)
2026-01-06 22:02:45,893 - INFO - Cleaned dataset saved as cleaned_telco_churn.csv
